[19-Nov-2022 08:20:33 UTC] PHP Deprecated:  http_build_query(): Passing null to parameter #2 ($numeric_prefix) of type string is deprecated in C:\OSPanel\domains\myprojuliasmartapp\wp-content\plugins\leadin\src\admin\class-links.php on line 95
[19-Nov-2022 08:20:33 UTC] PHP Deprecated:  http_build_query(): Passing null to parameter #2 ($numeric_prefix) of type string is deprecated in C:\OSPanel\domains\myprojuliasmartapp\wp-content\plugins\leadin\src\admin\class-links.php on line 95
[19-Nov-2022 08:20:34 UTC] PHP Deprecated:  http_build_query(): Passing null to parameter #2 ($numeric_prefix) of type string is deprecated in C:\OSPanel\domains\myprojuliasmartapp\wp-content\plugins\leadin\src\admin\class-links.php on line 95
[19-Nov-2022 08:20:34 UTC] PHP Deprecated:  http_build_query(): Passing null to parameter #2 ($numeric_prefix) of type string is deprecated in C:\OSPanel\domains\myprojuliasmartapp\wp-content\plugins\leadin\src\admin\class-links.php on line 95
[19-Nov-2022 08:20:34 UTC] PHP Deprecated:  http_build_query(): Passing null to parameter #2 ($numeric_prefix) of type string is deprecated in C:\OSPanel\domains\myprojuliasmartapp\wp-content\plugins\leadin\src\admin\class-links.php on line 95
[19-Nov-2022 08:20:34 UTC] PHP Deprecated:  http_build_query(): Passing null to parameter #2 ($numeric_prefix) of type string is deprecated in C:\OSPanel\domains\myprojuliasmartapp\wp-content\plugins\leadin\src\admin\class-links.php on line 95
[19-Nov-2022 08:20:34 UTC] PHP Deprecated:  http_build_query(): Passing null to parameter #2 ($numeric_prefix) of type string is deprecated in C:\OSPanel\domains\myprojuliasmartapp\wp-content\plugins\leadin\src\admin\class-links.php on line 95
[19-Nov-2022 08:20:34 UTC] PHP Deprecated:  http_build_query(): Passing null to parameter #2 ($numeric_prefix) of type string is deprecated in C:\OSPanel\domains\myprojuliasmartapp\wp-content\plugins\leadin\src\admin\class-links.php on line 95
[19-Nov-2022 08:20:34 UTC] PHP Deprecated:  http_build_query(): Passing null to parameter #2 ($numeric_prefix) of type string is deprecated in C:\OSPanel\domains\myprojuliasmartapp\wp-content\plugins\leadin\src\admin\class-links.php on line 95
[19-Nov-2022 08:20:34 UTC] PHP Deprecated:  http_build_query(): Passing null to parameter #2 ($numeric_prefix) of type string is deprecated in C:\OSPanel\domains\myprojuliasmartapp\wp-content\plugins\leadin\src\admin\class-links.php on line 95
[19-Nov-2022 08:20:34 UTC] PHP Deprecated:  http_build_query(): Passing null to parameter #2 ($numeric_prefix) of type string is deprecated in C:\OSPanel\domains\myprojuliasmartapp\wp-content\plugins\leadin\src\admin\class-links.php on line 95
[19-Nov-2022 08:20:34 UTC] PHP Deprecated:  http_build_query(): Passing null to parameter #2 ($numeric_prefix) of type string is deprecated in C:\OSPanel\domains\myprojuliasmartapp\wp-content\plugins\leadin\src\admin\class-links.php on line 95
[19-Nov-2022 08:20:34 UTC] PHP Deprecated:  http_build_query(): Passing null to parameter #2 ($numeric_prefix) of type string is deprecated in C:\OSPanel\domains\myprojuliasmartapp\wp-content\plugins\leadin\src\admin\class-links.php on line 95
[19-Nov-2022 08:20:46 UTC] PHP Deprecated:  http_build_query(): Passing null to parameter #2 ($numeric_prefix) of type string is deprecated in C:\OSPanel\domains\myprojuliasmartapp\wp-content\plugins\leadin\src\admin\class-links.php on line 95
[19-Nov-2022 08:20:46 UTC] PHP Deprecated:  http_build_query(): Passing null to parameter #2 ($numeric_prefix) of type string is deprecated in C:\OSPanel\domains\myprojuliasmartapp\wp-content\plugins\leadin\src\admin\class-links.php on line 95
[19-Nov-2022 08:20:46 UTC] PHP Deprecated:  http_build_query(): Passing null to parameter #2 ($numeric_prefix) of type string is deprecated in C:\OSPanel\domains\myprojuliasmartapp\wp-content\plugins\leadin\src\admin\class-links.php on line 95
[19-Nov-2022 08:20:46 UTC] PHP Deprecated:  http_build_query(): Passing null to parameter #2 ($numeric_prefix) of type string is deprecated in C:\OSPanel\domains\myprojuliasmartapp\wp-content\plugins\leadin\src\admin\class-links.php on line 95
[19-Nov-2022 08:20:46 UTC] PHP Deprecated:  http_build_query(): Passing null to parameter #2 ($numeric_prefix) of type string is deprecated in C:\OSPanel\domains\myprojuliasmartapp\wp-content\plugins\leadin\src\admin\class-links.php on line 95
[19-Nov-2022 08:20:46 UTC] PHP Deprecated:  http_build_query(): Passing null to parameter #2 ($numeric_prefix) of type string is deprecated in C:\OSPanel\domains\myprojuliasmartapp\wp-content\plugins\leadin\src\admin\class-links.php on line 95
[19-Nov-2022 08:20:46 UTC] PHP Deprecated:  http_build_query(): Passing null to parameter #2 ($numeric_prefix) of type string is deprecated in C:\OSPanel\domains\myprojuliasmartapp\wp-content\plugins\leadin\src\admin\class-links.php on line 95
[19-Nov-2022 08:20:46 UTC] PHP Deprecated:  http_build_query(): Passing null to parameter #2 ($numeric_prefix) of type string is deprecated in C:\OSPanel\domains\myprojuliasmartapp\wp-content\plugins\leadin\src\admin\class-links.php on line 95
[19-Nov-2022 08:20:46 UTC] PHP Deprecated:  http_build_query(): Passing null to parameter #2 ($numeric_prefix) of type string is deprecated in C:\OSPanel\domains\myprojuliasmartapp\wp-content\plugins\leadin\src\admin\class-links.php on line 95
[19-Nov-2022 08:20:46 UTC] PHP Deprecated:  http_build_query(): Passing null to parameter #2 ($numeric_prefix) of type string is deprecated in C:\OSPanel\domains\myprojuliasmartapp\wp-content\plugins\leadin\src\admin\class-links.php on line 95
[19-Nov-2022 08:20:46 UTC] PHP Deprecated:  http_build_query(): Passing null to parameter #2 ($numeric_prefix) of type string is deprecated in C:\OSPanel\domains\myprojuliasmartapp\wp-content\plugins\leadin\src\admin\class-links.php on line 95
[19-Nov-2022 08:21:01 UTC] PHP Deprecated:  http_build_query(): Passing null to parameter #2 ($numeric_prefix) of type string is deprecated in C:\OSPanel\domains\myprojuliasmartapp\wp-content\plugins\leadin\src\admin\class-links.php on line 95
[19-Nov-2022 08:21:01 UTC] PHP Deprecated:  http_build_query(): Passing null to parameter #2 ($numeric_prefix) of type string is deprecated in C:\OSPanel\domains\myprojuliasmartapp\wp-content\plugins\leadin\src\admin\class-links.php on line 95
[19-Nov-2022 08:21:16 UTC] PHP Deprecated:  http_build_query(): Passing null to parameter #2 ($numeric_prefix) of type string is deprecated in C:\OSPanel\domains\myprojuliasmartapp\wp-content\plugins\leadin\src\admin\class-links.php on line 95
[19-Nov-2022 08:21:16 UTC] PHP Deprecated:  http_build_query(): Passing null to parameter #2 ($numeric_prefix) of type string is deprecated in C:\OSPanel\domains\myprojuliasmartapp\wp-content\plugins\leadin\src\admin\class-links.php on line 95
[19-Nov-2022 08:28:02 UTC] PHP Deprecated:  http_build_query(): Passing null to parameter #2 ($numeric_prefix) of type string is deprecated in C:\OSPanel\domains\myprojuliasmartapp\wp-content\plugins\leadin\src\admin\class-links.php on line 95
[19-Nov-2022 08:28:02 UTC] PHP Deprecated:  http_build_query(): Passing null to parameter #2 ($numeric_prefix) of type string is deprecated in C:\OSPanel\domains\myprojuliasmartapp\wp-content\plugins\leadin\src\admin\class-links.php on line 95
[19-Nov-2022 08:30:03 UTC] PHP Deprecated:  http_build_query(): Passing null to parameter #2 ($numeric_prefix) of type string is deprecated in C:\OSPanel\domains\myprojuliasmartapp\wp-content\plugins\leadin\src\admin\class-links.php on line 95
[19-Nov-2022 08:30:03 UTC] PHP Deprecated:  http_build_query(): Passing null to parameter #2 ($numeric_prefix) of type string is deprecated in C:\OSPanel\domains\myprojuliasmartapp\wp-content\plugins\leadin\src\admin\class-links.php on line 95
[19-Nov-2022 08:32:04 UTC] PHP Deprecated:  http_build_query(): Passing null to parameter #2 ($numeric_prefix) of type string is deprecated in C:\OSPanel\domains\myprojuliasmartapp\wp-content\plugins\leadin\src\admin\class-links.php on line 95
[19-Nov-2022 08:32:04 UTC] PHP Deprecated:  http_build_query(): Passing null to parameter #2 ($numeric_prefix) of type string is deprecated in C:\OSPanel\domains\myprojuliasmartapp\wp-content\plugins\leadin\src\admin\class-links.php on line 95
[19-Nov-2022 08:34:10 UTC] PHP Deprecated:  http_build_query(): Passing null to parameter #2 ($numeric_prefix) of type string is deprecated in C:\OSPanel\domains\myprojuliasmartapp\wp-content\plugins\leadin\src\admin\class-links.php on line 95
[19-Nov-2022 08:34:10 UTC] PHP Deprecated:  http_build_query(): Passing null to parameter #2 ($numeric_prefix) of type string is deprecated in C:\OSPanel\domains\myprojuliasmartapp\wp-content\plugins\leadin\src\admin\class-links.php on line 95
[19-Nov-2022 08:36:06 UTC] PHP Deprecated:  http_build_query(): Passing null to parameter #2 ($numeric_prefix) of type string is deprecated in C:\OSPanel\domains\myprojuliasmartapp\wp-content\plugins\leadin\src\admin\class-links.php on line 95
[19-Nov-2022 08:36:06 UTC] PHP Deprecated:  http_build_query(): Passing null to parameter #2 ($numeric_prefix) of type string is deprecated in C:\OSPanel\domains\myprojuliasmartapp\wp-content\plugins\leadin\src\admin\class-links.php on line 95
[19-Nov-2022 08:38:07 UTC] PHP Deprecated:  http_build_query(): Passing null to parameter #2 ($numeric_prefix) of type string is deprecated in C:\OSPanel\domains\myprojuliasmartapp\wp-content\plugins\leadin\src\admin\class-links.php on line 95
[19-Nov-2022 08:38:07 UTC] PHP Deprecated:  http_build_query(): Passing null to parameter #2 ($numeric_prefix) of type string is deprecated in C:\OSPanel\domains\myprojuliasmartapp\wp-content\plugins\leadin\src\admin\class-links.php on line 95
[19-Nov-2022 08:54:30 UTC] PHP Deprecated:  http_build_query(): Passing null to parameter #2 ($numeric_prefix) of type string is deprecated in C:\OSPanel\domains\myprojuliasmartapp\wp-content\plugins\leadin\src\admin\class-links.php on line 95
[19-Nov-2022 08:54:30 UTC] PHP Deprecated:  http_build_query(): Passing null to parameter #2 ($numeric_prefix) of type string is deprecated in C:\OSPanel\domains\myprojuliasmartapp\wp-content\plugins\leadin\src\admin\class-links.php on line 95
[19-Nov-2022 08:54:30 UTC] PHP Deprecated:  Return type of Requests_Cookie_Jar::offsetExists($key) should either be compatible with ArrayAccess::offsetExists(mixed $offset): bool, or the #[\ReturnTypeWillChange] attribute should be used to temporarily suppress the notice in C:\OSPanel\domains\myprojuliasmartapp\wp-includes\Requests\Cookie\Jar.php on line 63
[19-Nov-2022 08:54:30 UTC] PHP Deprecated:  Return type of Requests_Cookie_Jar::offsetGet($key) should either be compatible with ArrayAccess::offsetGet(mixed $offset): mixed, or the #[\ReturnTypeWillChange] attribute should be used to temporarily suppress the notice in C:\OSPanel\domains\myprojuliasmartapp\wp-includes\Requests\Cookie\Jar.php on line 73
[19-Nov-2022 08:54:30 UTC] PHP Deprecated:  Return type of Requests_Cookie_Jar::offsetSet($key, $value) should either be compatible with ArrayAccess::offsetSet(mixed $offset, mixed $value): void, or the #[\ReturnTypeWillChange] attribute should be used to temporarily suppress the notice in C:\OSPanel\domains\myprojuliasmartapp\wp-includes\Requests\Cookie\Jar.php on line 89
[19-Nov-2022 08:54:30 UTC] PHP Deprecated:  Return type of Requests_Cookie_Jar::offsetUnset($key) should either be compatible with ArrayAccess::offsetUnset(mixed $offset): void, or the #[\ReturnTypeWillChange] attribute should be used to temporarily suppress the notice in C:\OSPanel\domains\myprojuliasmartapp\wp-includes\Requests\Cookie\Jar.php on line 102
[19-Nov-2022 08:54:30 UTC] PHP Deprecated:  Return type of Requests_Cookie_Jar::getIterator() should either be compatible with IteratorAggregate::getIterator(): Traversable, or the #[\ReturnTypeWillChange] attribute should be used to temporarily suppress the notice in C:\OSPanel\domains\myprojuliasmartapp\wp-includes\Requests\Cookie\Jar.php on line 111
[19-Nov-2022 08:54:31 UTC] PHP Deprecated:  Return type of Requests_Utility_CaseInsensitiveDictionary::offsetExists($key) should either be compatible with ArrayAccess::offsetExists(mixed $offset): bool, or the #[\ReturnTypeWillChange] attribute should be used to temporarily suppress the notice in C:\OSPanel\domains\myprojuliasmartapp\wp-includes\Requests\Utility\CaseInsensitiveDictionary.php on line 40
[19-Nov-2022 08:54:31 UTC] PHP Deprecated:  Return type of Requests_Utility_CaseInsensitiveDictionary::offsetGet($key) should either be compatible with ArrayAccess::offsetGet(mixed $offset): mixed, or the #[\ReturnTypeWillChange] attribute should be used to temporarily suppress the notice in C:\OSPanel\domains\myprojuliasmartapp\wp-includes\Requests\Utility\CaseInsensitiveDictionary.php on line 51
[19-Nov-2022 08:54:31 UTC] PHP Deprecated:  Return type of Requests_Utility_CaseInsensitiveDictionary::offsetSet($key, $value) should either be compatible with ArrayAccess::offsetSet(mixed $offset, mixed $value): void, or the #[\ReturnTypeWillChange] attribute should be used to temporarily suppress the notice in C:\OSPanel\domains\myprojuliasmartapp\wp-includes\Requests\Utility\CaseInsensitiveDictionary.php on line 68
[19-Nov-2022 08:54:31 UTC] PHP Deprecated:  Return type of Requests_Utility_CaseInsensitiveDictionary::offsetUnset($key) should either be compatible with ArrayAccess::offsetUnset(mixed $offset): void, or the #[\ReturnTypeWillChange] attribute should be used to temporarily suppress the notice in C:\OSPanel\domains\myprojuliasmartapp\wp-includes\Requests\Utility\CaseInsensitiveDictionary.php on line 82
[19-Nov-2022 08:54:31 UTC] PHP Deprecated:  Return type of Requests_Utility_CaseInsensitiveDictionary::getIterator() should either be compatible with IteratorAggregate::getIterator(): Traversable, or the #[\ReturnTypeWillChange] attribute should be used to temporarily suppress the notice in C:\OSPanel\domains\myprojuliasmartapp\wp-includes\Requests\Utility\CaseInsensitiveDictionary.php on line 91
[19-Nov-2022 08:54:31 UTC] PHP Deprecated:  http_build_query(): Passing null to parameter #2 ($numeric_prefix) of type string is deprecated in C:\OSPanel\domains\myprojuliasmartapp\wp-content\plugins\leadin\src\admin\class-links.php on line 95
[19-Nov-2022 08:54:31 UTC] PHP Deprecated:  http_build_query(): Passing null to parameter #2 ($numeric_prefix) of type string is deprecated in C:\OSPanel\domains\myprojuliasmartapp\wp-content\plugins\leadin\src\admin\class-links.php on line 95
[19-Nov-2022 08:54:31 UTC] PHP Deprecated:  http_build_query(): Passing null to parameter #2 ($numeric_prefix) of type string is deprecated in C:\OSPanel\domains\myprojuliasmartapp\wp-content\plugins\leadin\src\admin\class-links.php on line 95
[19-Nov-2022 08:54:31 UTC] PHP Deprecated:  http_build_query(): Passing null to parameter #2 ($numeric_prefix) of type string is deprecated in C:\OSPanel\domains\myprojuliasmartapp\wp-content\plugins\leadin\src\admin\class-links.php on line 95
[19-Nov-2022 08:54:31 UTC] PHP Deprecated:  http_build_query(): Passing null to parameter #2 ($numeric_prefix) of type string is deprecated in C:\OSPanel\domains\myprojuliasmartapp\wp-content\plugins\leadin\src\admin\class-links.php on line 95
[19-Nov-2022 08:54:31 UTC] PHP Deprecated:  http_build_query(): Passing null to parameter #2 ($numeric_prefix) of type string is deprecated in C:\OSPanel\domains\myprojuliasmartapp\wp-content\plugins\leadin\src\admin\class-links.php on line 95
[19-Nov-2022 08:54:31 UTC] PHP Deprecated:  http_build_query(): Passing null to parameter #2 ($numeric_prefix) of type string is deprecated in C:\OSPanel\domains\myprojuliasmartapp\wp-content\plugins\leadin\src\admin\class-links.php on line 95
[19-Nov-2022 08:54:31 UTC] PHP Deprecated:  http_build_query(): Passing null to parameter #2 ($numeric_prefix) of type string is deprecated in C:\OSPanel\domains\myprojuliasmartapp\wp-content\plugins\leadin\src\admin\class-links.php on line 95
[19-Nov-2022 08:54:31 UTC] PHP Deprecated:  http_build_query(): Passing null to parameter #2 ($numeric_prefix) of type string is deprecated in C:\OSPanel\domains\myprojuliasmartapp\wp-content\plugins\leadin\src\admin\class-links.php on line 95
[19-Nov-2022 08:54:32 UTC] PHP Deprecated:  http_build_query(): Passing null to parameter #2 ($numeric_prefix) of type string is deprecated in C:\OSPanel\domains\myprojuliasmartapp\wp-content\plugins\leadin\src\admin\class-links.php on line 95
[19-Nov-2022 08:54:32 UTC] PHP Deprecated:  http_build_query(): Passing null to parameter #2 ($numeric_prefix) of type string is deprecated in C:\OSPanel\domains\myprojuliasmartapp\wp-content\plugins\leadin\src\admin\class-links.php on line 95
[19-Nov-2022 08:54:33 UTC] PHP Deprecated:  http_build_query(): Passing null to parameter #2 ($numeric_prefix) of type string is deprecated in C:\OSPanel\domains\myprojuliasmartapp\wp-content\plugins\leadin\src\admin\class-links.php on line 95
[19-Nov-2022 08:54:33 UTC] PHP Deprecated:  http_build_query(): Passing null to parameter #2 ($numeric_prefix) of type string is deprecated in C:\OSPanel\domains\myprojuliasmartapp\wp-content\plugins\leadin\src\admin\class-links.php on line 95
[19-Nov-2022 08:54:33 UTC] PHP Deprecated:  http_build_query(): Passing null to parameter #2 ($numeric_prefix) of type string is deprecated in C:\OSPanel\domains\myprojuliasmartapp\wp-content\plugins\leadin\src\admin\class-links.php on line 95
[19-Nov-2022 08:54:33 UTC] PHP Deprecated:  http_build_query(): Passing null to parameter #2 ($numeric_prefix) of type string is deprecated in C:\OSPanel\domains\myprojuliasmartapp\wp-content\plugins\leadin\src\admin\class-links.php on line 95
[19-Nov-2022 08:54:33 UTC] PHP Deprecated:  http_build_query(): Passing null to parameter #2 ($numeric_prefix) of type string is deprecated in C:\OSPanel\domains\myprojuliasmartapp\wp-content\plugins\leadin\src\admin\class-links.php on line 95
[19-Nov-2022 08:54:33 UTC] PHP Deprecated:  http_build_query(): Passing null to parameter #2 ($numeric_prefix) of type string is deprecated in C:\OSPanel\domains\myprojuliasmartapp\wp-content\plugins\leadin\src\admin\class-links.php on line 95
[19-Nov-2022 08:54:33 UTC] PHP Deprecated:  http_build_query(): Passing null to parameter #2 ($numeric_prefix) of type string is deprecated in C:\OSPanel\domains\myprojuliasmartapp\wp-content\plugins\leadin\src\admin\class-links.php on line 95
[19-Nov-2022 08:54:33 UTC] PHP Deprecated:  http_build_query(): Passing null to parameter #2 ($numeric_prefix) of type string is deprecated in C:\OSPanel\domains\myprojuliasmartapp\wp-content\plugins\leadin\src\admin\class-links.php on line 95
[19-Nov-2022 08:54:33 UTC] PHP Deprecated:  http_build_query(): Passing null to parameter #2 ($numeric_prefix) of type string is deprecated in C:\OSPanel\domains\myprojuliasmartapp\wp-content\plugins\leadin\src\admin\class-links.php on line 95
[19-Nov-2022 08:54:33 UTC] PHP Deprecated:  http_build_query(): Passing null to parameter #2 ($numeric_prefix) of type string is deprecated in C:\OSPanel\domains\myprojuliasmartapp\wp-content\plugins\leadin\src\admin\class-links.php on line 95
[19-Nov-2022 08:55:33 UTC] PHP Deprecated:  http_build_query(): Passing null to parameter #2 ($numeric_prefix) of type string is deprecated in C:\OSPanel\domains\myprojuliasmartapp\wp-content\plugins\leadin\src\admin\class-links.php on line 95
[19-Nov-2022 08:55:33 UTC] PHP Deprecated:  http_build_query(): Passing null to parameter #2 ($numeric_prefix) of type string is deprecated in C:\OSPanel\domains\myprojuliasmartapp\wp-content\plugins\leadin\src\admin\class-links.php on line 95
[19-Nov-2022 08:56:33 UTC] PHP Deprecated:  http_build_query(): Passing null to parameter #2 ($numeric_prefix) of type string is deprecated in C:\OSPanel\domains\myprojuliasmartapp\wp-content\plugins\leadin\src\admin\class-links.php on line 95
[19-Nov-2022 08:56:33 UTC] PHP Deprecated:  http_build_query(): Passing null to parameter #2 ($numeric_prefix) of type string is deprecated in C:\OSPanel\domains\myprojuliasmartapp\wp-content\plugins\leadin\src\admin\class-links.php on line 95
[19-Nov-2022 08:58:33 UTC] PHP Deprecated:  http_build_query(): Passing null to parameter #2 ($numeric_prefix) of type string is deprecated in C:\OSPanel\domains\myprojuliasmartapp\wp-content\plugins\leadin\src\admin\class-links.php on line 95
[19-Nov-2022 08:58:33 UTC] PHP Deprecated:  http_build_query(): Passing null to parameter #2 ($numeric_prefix) of type string is deprecated in C:\OSPanel\domains\myprojuliasmartapp\wp-content\plugins\leadin\src\admin\class-links.php on line 95
[19-Nov-2022 09:00:33 UTC] PHP Deprecated:  http_build_query(): Passing null to parameter #2 ($numeric_prefix) of type string is deprecated in C:\OSPanel\domains\myprojuliasmartapp\wp-content\plugins\leadin\src\admin\class-links.php on line 95
[19-Nov-2022 09:00:33 UTC] PHP Deprecated:  http_build_query(): Passing null to parameter #2 ($numeric_prefix) of type string is deprecated in C:\OSPanel\domains\myprojuliasmartapp\wp-content\plugins\leadin\src\admin\class-links.php on line 95
[19-Nov-2022 09:01:33 UTC] PHP Deprecated:  http_build_query(): Passing null to parameter #2 ($numeric_prefix) of type string is deprecated in C:\OSPanel\domains\myprojuliasmartapp\wp-content\plugins\leadin\src\admin\class-links.php on line 95
[19-Nov-2022 09:01:33 UTC] PHP Deprecated:  http_build_query(): Passing null to parameter #2 ($numeric_prefix) of type string is deprecated in C:\OSPanel\domains\myprojuliasmartapp\wp-content\plugins\leadin\src\admin\class-links.php on line 95
[19-Nov-2022 09:03:33 UTC] PHP Deprecated:  http_build_query(): Passing null to parameter #2 ($numeric_prefix) of type string is deprecated in C:\OSPanel\domains\myprojuliasmartapp\wp-content\plugins\leadin\src\admin\class-links.php on line 95
[19-Nov-2022 09:03:33 UTC] PHP Deprecated:  http_build_query(): Passing null to parameter #2 ($numeric_prefix) of type string is deprecated in C:\OSPanel\domains\myprojuliasmartapp\wp-content\plugins\leadin\src\admin\class-links.php on line 95
[19-Nov-2022 09:05:33 UTC] PHP Deprecated:  http_build_query(): Passing null to parameter #2 ($numeric_prefix) of type string is deprecated in C:\OSPanel\domains\myprojuliasmartapp\wp-content\plugins\leadin\src\admin\class-links.php on line 95
[19-Nov-2022 09:05:33 UTC] PHP Deprecated:  http_build_query(): Passing null to parameter #2 ($numeric_prefix) of type string is deprecated in C:\OSPanel\domains\myprojuliasmartapp\wp-content\plugins\leadin\src\admin\class-links.php on line 95
[19-Nov-2022 09:07:33 UTC] PHP Deprecated:  http_build_query(): Passing null to parameter #2 ($numeric_prefix) of type string is deprecated in C:\OSPanel\domains\myprojuliasmartapp\wp-content\plugins\leadin\src\admin\class-links.php on line 95
[19-Nov-2022 09:07:33 UTC] PHP Deprecated:  http_build_query(): Passing null to parameter #2 ($numeric_prefix) of type string is deprecated in C:\OSPanel\domains\myprojuliasmartapp\wp-content\plugins\leadin\src\admin\class-links.php on line 95
[19-Nov-2022 09:09:33 UTC] PHP Deprecated:  http_build_query(): Passing null to parameter #2 ($numeric_prefix) of type string is deprecated in C:\OSPanel\domains\myprojuliasmartapp\wp-content\plugins\leadin\src\admin\class-links.php on line 95
[19-Nov-2022 09:09:33 UTC] PHP Deprecated:  http_build_query(): Passing null to parameter #2 ($numeric_prefix) of type string is deprecated in C:\OSPanel\domains\myprojuliasmartapp\wp-content\plugins\leadin\src\admin\class-links.php on line 95
[19-Nov-2022 09:35:41 UTC] PHP Deprecated:  http_build_query(): Passing null to parameter #2 ($numeric_prefix) of type string is deprecated in C:\OSPanel\domains\myprojuliasmartapp\wp-content\plugins\leadin\src\admin\class-links.php on line 95
[19-Nov-2022 09:35:41 UTC] PHP Deprecated:  http_build_query(): Passing null to parameter #2 ($numeric_prefix) of type string is deprecated in C:\OSPanel\domains\myprojuliasmartapp\wp-content\plugins\leadin\src\admin\class-links.php on line 95
[19-Nov-2022 09:36:41 UTC] PHP Deprecated:  http_build_query(): Passing null to parameter #2 ($numeric_prefix) of type string is deprecated in C:\OSPanel\domains\myprojuliasmartapp\wp-content\plugins\leadin\src\admin\class-links.php on line 95
[19-Nov-2022 09:36:41 UTC] PHP Deprecated:  http_build_query(): Passing null to parameter #2 ($numeric_prefix) of type string is deprecated in C:\OSPanel\domains\myprojuliasmartapp\wp-content\plugins\leadin\src\admin\class-links.php on line 95
[19-Nov-2022 09:37:41 UTC] PHP Deprecated:  http_build_query(): Passing null to parameter #2 ($numeric_prefix) of type string is deprecated in C:\OSPanel\domains\myprojuliasmartapp\wp-content\plugins\leadin\src\admin\class-links.php on line 95
[19-Nov-2022 09:37:41 UTC] PHP Deprecated:  http_build_query(): Passing null to parameter #2 ($numeric_prefix) of type string is deprecated in C:\OSPanel\domains\myprojuliasmartapp\wp-content\plugins\leadin\src\admin\class-links.php on line 95
[19-Nov-2022 09:39:41 UTC] PHP Deprecated:  http_build_query(): Passing null to parameter #2 ($numeric_prefix) of type string is deprecated in C:\OSPanel\domains\myprojuliasmartapp\wp-content\plugins\leadin\src\admin\class-links.php on line 95
[19-Nov-2022 09:39:41 UTC] PHP Deprecated:  http_build_query(): Passing null to parameter #2 ($numeric_prefix) of type string is deprecated in C:\OSPanel\domains\myprojuliasmartapp\wp-content\plugins\leadin\src\admin\class-links.php on line 95
[19-Nov-2022 09:39:41 UTC] PHP Deprecated:  Return type of Requests_Cookie_Jar::offsetExists($key) should either be compatible with ArrayAccess::offsetExists(mixed $offset): bool, or the #[\ReturnTypeWillChange] attribute should be used to temporarily suppress the notice in C:\OSPanel\domains\myprojuliasmartapp\wp-includes\Requests\Cookie\Jar.php on line 63
[19-Nov-2022 09:39:41 UTC] PHP Deprecated:  Return type of Requests_Cookie_Jar::offsetGet($key) should either be compatible with ArrayAccess::offsetGet(mixed $offset): mixed, or the #[\ReturnTypeWillChange] attribute should be used to temporarily suppress the notice in C:\OSPanel\domains\myprojuliasmartapp\wp-includes\Requests\Cookie\Jar.php on line 73
[19-Nov-2022 09:39:41 UTC] PHP Deprecated:  Return type of Requests_Cookie_Jar::offsetSet($key, $value) should either be compatible with ArrayAccess::offsetSet(mixed $offset, mixed $value): void, or the #[\ReturnTypeWillChange] attribute should be used to temporarily suppress the notice in C:\OSPanel\domains\myprojuliasmartapp\wp-includes\Requests\Cookie\Jar.php on line 89
[19-Nov-2022 09:39:41 UTC] PHP Deprecated:  Return type of Requests_Cookie_Jar::offsetUnset($key) should either be compatible with ArrayAccess::offsetUnset(mixed $offset): void, or the #[\ReturnTypeWillChange] attribute should be used to temporarily suppress the notice in C:\OSPanel\domains\myprojuliasmartapp\wp-includes\Requests\Cookie\Jar.php on line 102
[19-Nov-2022 09:39:41 UTC] PHP Deprecated:  Return type of Requests_Cookie_Jar::getIterator() should either be compatible with IteratorAggregate::getIterator(): Traversable, or the #[\ReturnTypeWillChange] attribute should be used to temporarily suppress the notice in C:\OSPanel\domains\myprojuliasmartapp\wp-includes\Requests\Cookie\Jar.php on line 111
[19-Nov-2022 09:39:41 UTC] PHP Deprecated:  Return type of Requests_Utility_CaseInsensitiveDictionary::offsetExists($key) should either be compatible with ArrayAccess::offsetExists(mixed $offset): bool, or the #[\ReturnTypeWillChange] attribute should be used to temporarily suppress the notice in C:\OSPanel\domains\myprojuliasmartapp\wp-includes\Requests\Utility\CaseInsensitiveDictionary.php on line 40
[19-Nov-2022 09:39:41 UTC] PHP Deprecated:  Return type of Requests_Utility_CaseInsensitiveDictionary::offsetGet($key) should either be compatible with ArrayAccess::offsetGet(mixed $offset): mixed, or the #[\ReturnTypeWillChange] attribute should be used to temporarily suppress the notice in C:\OSPanel\domains\myprojuliasmartapp\wp-includes\Requests\Utility\CaseInsensitiveDictionary.php on line 51
[19-Nov-2022 09:39:41 UTC] PHP Deprecated:  Return type of Requests_Utility_CaseInsensitiveDictionary::offsetSet($key, $value) should either be compatible with ArrayAccess::offsetSet(mixed $offset, mixed $value): void, or the #[\ReturnTypeWillChange] attribute should be used to temporarily suppress the notice in C:\OSPanel\domains\myprojuliasmartapp\wp-includes\Requests\Utility\CaseInsensitiveDictionary.php on line 68
[19-Nov-2022 09:39:41 UTC] PHP Deprecated:  Return type of Requests_Utility_CaseInsensitiveDictionary::offsetUnset($key) should either be compatible with ArrayAccess::offsetUnset(mixed $offset): void, or the #[\ReturnTypeWillChange] attribute should be used to temporarily suppress the notice in C:\OSPanel\domains\myprojuliasmartapp\wp-includes\Requests\Utility\CaseInsensitiveDictionary.php on line 82
[19-Nov-2022 09:39:41 UTC] PHP Deprecated:  Return type of Requests_Utility_CaseInsensitiveDictionary::getIterator() should either be compatible with IteratorAggregate::getIterator(): Traversable, or the #[\ReturnTypeWillChange] attribute should be used to temporarily suppress the notice in C:\OSPanel\domains\myprojuliasmartapp\wp-includes\Requests\Utility\CaseInsensitiveDictionary.php on line 91
[19-Nov-2022 09:41:41 UTC] PHP Deprecated:  http_build_query(): Passing null to parameter #2 ($numeric_prefix) of type string is deprecated in C:\OSPanel\domains\myprojuliasmartapp\wp-content\plugins\leadin\src\admin\class-links.php on line 95
[19-Nov-2022 09:41:41 UTC] PHP Deprecated:  http_build_query(): Passing null to parameter #2 ($numeric_prefix) of type string is deprecated in C:\OSPanel\domains\myprojuliasmartapp\wp-content\plugins\leadin\src\admin\class-links.php on line 95
[19-Nov-2022 09:43:31 UTC] PHP Deprecated:  http_build_query(): Passing null to parameter #2 ($numeric_prefix) of type string is deprecated in C:\OSPanel\domains\myprojuliasmartapp\wp-content\plugins\leadin\src\admin\class-links.php on line 95
[19-Nov-2022 09:43:31 UTC] PHP Deprecated:  http_build_query(): Passing null to parameter #2 ($numeric_prefix) of type string is deprecated in C:\OSPanel\domains\myprojuliasmartapp\wp-content\plugins\leadin\src\admin\class-links.php on line 95
[19-Nov-2022 09:44:31 UTC] PHP Deprecated:  http_build_query(): Passing null to parameter #2 ($numeric_prefix) of type string is deprecated in C:\OSPanel\domains\myprojuliasmartapp\wp-content\plugins\leadin\src\admin\class-links.php on line 95
[19-Nov-2022 09:44:31 UTC] PHP Deprecated:  http_build_query(): Passing null to parameter #2 ($numeric_prefix) of type string is deprecated in C:\OSPanel\domains\myprojuliasmartapp\wp-content\plugins\leadin\src\admin\class-links.php on line 95
[19-Nov-2022 09:46:28 UTC] PHP Deprecated:  http_build_query(): Passing null to parameter #2 ($numeric_prefix) of type string is deprecated in C:\OSPanel\domains\myprojuliasmartapp\wp-content\plugins\leadin\src\admin\class-links.php on line 95
[19-Nov-2022 09:46:28 UTC] PHP Deprecated:  http_build_query(): Passing null to parameter #2 ($numeric_prefix) of type string is deprecated in C:\OSPanel\domains\myprojuliasmartapp\wp-content\plugins\leadin\src\admin\class-links.php on line 95
[19-Nov-2022 09:47:28 UTC] PHP Deprecated:  http_build_query(): Passing null to parameter #2 ($numeric_prefix) of type string is deprecated in C:\OSPanel\domains\myprojuliasmartapp\wp-content\plugins\leadin\src\admin\class-links.php on line 95
[19-Nov-2022 09:47:28 UTC] PHP Deprecated:  http_build_query(): Passing null to parameter #2 ($numeric_prefix) of type string is deprecated in C:\OSPanel\domains\myprojuliasmartapp\wp-content\plugins\leadin\src\admin\class-links.php on line 95
[19-Nov-2022 09:48:28 UTC] PHP Deprecated:  http_build_query(): Passing null to parameter #2 ($numeric_prefix) of type string is deprecated in C:\OSPanel\domains\myprojuliasmartapp\wp-content\plugins\leadin\src\admin\class-links.php on line 95
[19-Nov-2022 09:48:28 UTC] PHP Deprecated:  http_build_query(): Passing null to parameter #2 ($numeric_prefix) of type string is deprecated in C:\OSPanel\domains\myprojuliasmartapp\wp-content\plugins\leadin\src\admin\class-links.php on line 95
[19-Nov-2022 09:49:28 UTC] PHP Deprecated:  http_build_query(): Passing null to parameter #2 ($numeric_prefix) of type string is deprecated in C:\OSPanel\domains\myprojuliasmartapp\wp-content\plugins\leadin\src\admin\class-links.php on line 95
[19-Nov-2022 09:49:28 UTC] PHP Deprecated:  http_build_query(): Passing null to parameter #2 ($numeric_prefix) of type string is deprecated in C:\OSPanel\domains\myprojuliasmartapp\wp-content\plugins\leadin\src\admin\class-links.php on line 95
[19-Nov-2022 09:50:28 UTC] PHP Deprecated:  http_build_query(): Passing null to parameter #2 ($numeric_prefix) of type string is deprecated in C:\OSPanel\domains\myprojuliasmartapp\wp-content\plugins\leadin\src\admin\class-links.php on line 95
[19-Nov-2022 09:50:28 UTC] PHP Deprecated:  http_build_query(): Passing null to parameter #2 ($numeric_prefix) of type string is deprecated in C:\OSPanel\domains\myprojuliasmartapp\wp-content\plugins\leadin\src\admin\class-links.php on line 95
[19-Nov-2022 09:52:29 UTC] PHP Deprecated:  http_build_query(): Passing null to parameter #2 ($numeric_prefix) of type string is deprecated in C:\OSPanel\domains\myprojuliasmartapp\wp-content\plugins\leadin\src\admin\class-links.php on line 95
[19-Nov-2022 09:52:29 UTC] PHP Deprecated:  http_build_query(): Passing null to parameter #2 ($numeric_prefix) of type string is deprecated in C:\OSPanel\domains\myprojuliasmartapp\wp-content\plugins\leadin\src\admin\class-links.php on line 95
[19-Nov-2022 09:53:02 UTC] PHP Deprecated:  http_build_query(): Passing null to parameter #2 ($numeric_prefix) of type string is deprecated in C:\OSPanel\domains\myprojuliasmartapp\wp-content\plugins\leadin\src\admin\class-links.php on line 95
[19-Nov-2022 09:53:02 UTC] PHP Deprecated:  http_build_query(): Passing null to parameter #2 ($numeric_prefix) of type string is deprecated in C:\OSPanel\domains\myprojuliasmartapp\wp-content\plugins\leadin\src\admin\class-links.php on line 95
[19-Nov-2022 09:53:02 UTC] PHP Deprecated:  http_build_query(): Passing null to parameter #2 ($numeric_prefix) of type string is deprecated in C:\OSPanel\domains\myprojuliasmartapp\wp-content\plugins\leadin\src\admin\class-links.php on line 95
[19-Nov-2022 09:53:02 UTC] PHP Deprecated:  http_build_query(): Passing null to parameter #2 ($numeric_prefix) of type string is deprecated in C:\OSPanel\domains\myprojuliasmartapp\wp-content\plugins\leadin\src\admin\class-links.php on line 95
[19-Nov-2022 09:53:02 UTC] PHP Deprecated:  http_build_query(): Passing null to parameter #2 ($numeric_prefix) of type string is deprecated in C:\OSPanel\domains\myprojuliasmartapp\wp-content\plugins\leadin\src\admin\class-links.php on line 95
[19-Nov-2022 09:53:02 UTC] PHP Deprecated:  http_build_query(): Passing null to parameter #2 ($numeric_prefix) of type string is deprecated in C:\OSPanel\domains\myprojuliasmartapp\wp-content\plugins\leadin\src\admin\class-links.php on line 95
[19-Nov-2022 09:53:02 UTC] PHP Deprecated:  http_build_query(): Passing null to parameter #2 ($numeric_prefix) of type string is deprecated in C:\OSPanel\domains\myprojuliasmartapp\wp-content\plugins\leadin\src\admin\class-links.php on line 95
[19-Nov-2022 09:53:02 UTC] PHP Deprecated:  http_build_query(): Passing null to parameter #2 ($numeric_prefix) of type string is deprecated in C:\OSPanel\domains\myprojuliasmartapp\wp-content\plugins\leadin\src\admin\class-links.php on line 95
[19-Nov-2022 09:53:02 UTC] PHP Deprecated:  http_build_query(): Passing null to parameter #2 ($numeric_prefix) of type string is deprecated in C:\OSPanel\domains\myprojuliasmartapp\wp-content\plugins\leadin\src\admin\class-links.php on line 95
[19-Nov-2022 09:53:04 UTC] PHP Deprecated:  http_build_query(): Passing null to parameter #2 ($numeric_prefix) of type string is deprecated in C:\OSPanel\domains\myprojuliasmartapp\wp-content\plugins\leadin\src\admin\class-links.php on line 95
[19-Nov-2022 09:53:04 UTC] PHP Deprecated:  http_build_query(): Passing null to parameter #2 ($numeric_prefix) of type string is deprecated in C:\OSPanel\domains\myprojuliasmartapp\wp-content\plugins\leadin\src\admin\class-links.php on line 95
[19-Nov-2022 09:53:04 UTC] PHP Deprecated:  http_build_query(): Passing null to parameter #2 ($numeric_prefix) of type string is deprecated in C:\OSPanel\domains\myprojuliasmartapp\wp-content\plugins\leadin\src\admin\class-links.php on line 95
[19-Nov-2022 09:53:04 UTC] PHP Deprecated:  http_build_query(): Passing null to parameter #2 ($numeric_prefix) of type string is deprecated in C:\OSPanel\domains\myprojuliasmartapp\wp-content\plugins\leadin\src\admin\class-links.php on line 95
[19-Nov-2022 09:53:04 UTC] PHP Deprecated:  http_build_query(): Passing null to parameter #2 ($numeric_prefix) of type string is deprecated in C:\OSPanel\domains\myprojuliasmartapp\wp-content\plugins\leadin\src\admin\class-links.php on line 95
[19-Nov-2022 09:53:04 UTC] PHP Deprecated:  http_build_query(): Passing null to parameter #2 ($numeric_prefix) of type string is deprecated in C:\OSPanel\domains\myprojuliasmartapp\wp-content\plugins\leadin\src\admin\class-links.php on line 95
[19-Nov-2022 09:53:04 UTC] PHP Deprecated:  http_build_query(): Passing null to parameter #2 ($numeric_prefix) of type string is deprecated in C:\OSPanel\domains\myprojuliasmartapp\wp-content\plugins\leadin\src\admin\class-links.php on line 95
[19-Nov-2022 09:53:04 UTC] PHP Deprecated:  http_build_query(): Passing null to parameter #2 ($numeric_prefix) of type string is deprecated in C:\OSPanel\domains\myprojuliasmartapp\wp-content\plugins\leadin\src\admin\class-links.php on line 95
[19-Nov-2022 09:53:04 UTC] PHP Deprecated:  http_build_query(): Passing null to parameter #2 ($numeric_prefix) of type string is deprecated in C:\OSPanel\domains\myprojuliasmartapp\wp-content\plugins\leadin\src\admin\class-links.php on line 95
[19-Nov-2022 09:54:04 UTC] PHP Deprecated:  http_build_query(): Passing null to parameter #2 ($numeric_prefix) of type string is deprecated in C:\OSPanel\domains\myprojuliasmartapp\wp-content\plugins\leadin\src\admin\class-links.php on line 95
[19-Nov-2022 09:54:04 UTC] PHP Deprecated:  http_build_query(): Passing null to parameter #2 ($numeric_prefix) of type string is deprecated in C:\OSPanel\domains\myprojuliasmartapp\wp-content\plugins\leadin\src\admin\class-links.php on line 95
[19-Nov-2022 09:55:04 UTC] PHP Deprecated:  http_build_query(): Passing null to parameter #2 ($numeric_prefix) of type string is deprecated in C:\OSPanel\domains\myprojuliasmartapp\wp-content\plugins\leadin\src\admin\class-links.php on line 95
[19-Nov-2022 09:55:04 UTC] PHP Deprecated:  http_build_query(): Passing null to parameter #2 ($numeric_prefix) of type string is deprecated in C:\OSPanel\domains\myprojuliasmartapp\wp-content\plugins\leadin\src\admin\class-links.php on line 95
[19-Nov-2022 09:56:05 UTC] PHP Deprecated:  http_build_query(): Passing null to parameter #2 ($numeric_prefix) of type string is deprecated in C:\OSPanel\domains\myprojuliasmartapp\wp-content\plugins\leadin\src\admin\class-links.php on line 95
[19-Nov-2022 09:56:05 UTC] PHP Deprecated:  http_build_query(): Passing null to parameter #2 ($numeric_prefix) of type string is deprecated in C:\OSPanel\domains\myprojuliasmartapp\wp-content\plugins\leadin\src\admin\class-links.php on line 95
[19-Nov-2022 09:57:29 UTC] PHP Deprecated:  http_build_query(): Passing null to parameter #2 ($numeric_prefix) of type string is deprecated in C:\OSPanel\domains\myprojuliasmartapp\wp-content\plugins\leadin\src\admin\class-links.php on line 95
[19-Nov-2022 09:57:29 UTC] PHP Deprecated:  http_build_query(): Passing null to parameter #2 ($numeric_prefix) of type string is deprecated in C:\OSPanel\domains\myprojuliasmartapp\wp-content\plugins\leadin\src\admin\class-links.php on line 95
[19-Nov-2022 09:57:30 UTC] PHP Deprecated:  http_build_query(): Passing null to parameter #2 ($numeric_prefix) of type string is deprecated in C:\OSPanel\domains\myprojuliasmartapp\wp-content\plugins\leadin\src\admin\class-links.php on line 95
[19-Nov-2022 09:57:30 UTC] PHP Deprecated:  http_build_query(): Passing null to parameter #2 ($numeric_prefix) of type string is deprecated in C:\OSPanel\domains\myprojuliasmartapp\wp-content\plugins\leadin\src\admin\class-links.php on line 95
[19-Nov-2022 09:57:30 UTC] PHP Deprecated:  http_build_query(): Passing null to parameter #2 ($numeric_prefix) of type string is deprecated in C:\OSPanel\domains\myprojuliasmartapp\wp-content\plugins\leadin\src\admin\class-links.php on line 95
[19-Nov-2022 09:57:30 UTC] PHP Deprecated:  http_build_query(): Passing null to parameter #2 ($numeric_prefix) of type string is deprecated in C:\OSPanel\domains\myprojuliasmartapp\wp-content\plugins\leadin\src\admin\class-links.php on line 95
[19-Nov-2022 09:57:30 UTC] PHP Deprecated:  http_build_query(): Passing null to parameter #2 ($numeric_prefix) of type string is deprecated in C:\OSPanel\domains\myprojuliasmartapp\wp-content\plugins\leadin\src\admin\class-links.php on line 95
[19-Nov-2022 09:57:30 UTC] PHP Deprecated:  http_build_query(): Passing null to parameter #2 ($numeric_prefix) of type string is deprecated in C:\OSPanel\domains\myprojuliasmartapp\wp-content\plugins\leadin\src\admin\class-links.php on line 95
[19-Nov-2022 09:57:30 UTC] PHP Deprecated:  http_build_query(): Passing null to parameter #2 ($numeric_prefix) of type string is deprecated in C:\OSPanel\domains\myprojuliasmartapp\wp-content\plugins\leadin\src\admin\class-links.php on line 95
[19-Nov-2022 09:57:30 UTC] PHP Deprecated:  http_build_query(): Passing null to parameter #2 ($numeric_prefix) of type string is deprecated in C:\OSPanel\domains\myprojuliasmartapp\wp-content\plugins\leadin\src\admin\class-links.php on line 95
[19-Nov-2022 09:57:30 UTC] PHP Deprecated:  http_build_query(): Passing null to parameter #2 ($numeric_prefix) of type string is deprecated in C:\OSPanel\domains\myprojuliasmartapp\wp-content\plugins\leadin\src\admin\class-links.php on line 95
[19-Nov-2022 09:58:30 UTC] PHP Deprecated:  http_build_query(): Passing null to parameter #2 ($numeric_prefix) of type string is deprecated in C:\OSPanel\domains\myprojuliasmartapp\wp-content\plugins\leadin\src\admin\class-links.php on line 95
[19-Nov-2022 09:58:30 UTC] PHP Deprecated:  http_build_query(): Passing null to parameter #2 ($numeric_prefix) of type string is deprecated in C:\OSPanel\domains\myprojuliasmartapp\wp-content\plugins\leadin\src\admin\class-links.php on line 95
[19-Nov-2022 10:00:30 UTC] PHP Deprecated:  http_build_query(): Passing null to parameter #2 ($numeric_prefix) of type string is deprecated in C:\OSPanel\domains\myprojuliasmartapp\wp-content\plugins\leadin\src\admin\class-links.php on line 95
[19-Nov-2022 10:00:30 UTC] PHP Deprecated:  http_build_query(): Passing null to parameter #2 ($numeric_prefix) of type string is deprecated in C:\OSPanel\domains\myprojuliasmartapp\wp-content\plugins\leadin\src\admin\class-links.php on line 95
